{"F:\\pradeep2.0\\html\\namastereact\\src\\components\\ContactUs.jsx": {"path":"F:\\pradeep2.0\\html\\namastereact\\src\\components\\ContactUs.jsx","statementMap":{"0":{"start":{"line":4,"column":2},"end":{"line":22,"column":3}}},"fnMap":{"0":{"name":"ContactUs","decl":{"start":{"line":3,"column":9},"end":{"line":3,"column":18}},"loc":{"start":{"line":3,"column":21},"end":{"line":23,"column":1}},"line":3}},"branchMap":{},"s":{"0":5},"f":{"0":5},"b":{},"_coverageSchema":"1a1c01bbd47fc00a2c39e90264f33305004495a9","hash":"8ef36190cd189a2c43b447c705b15c0204f9c752"}
,"F:\\pradeep2.0\\html\\namastereact\\src\\components\\sum.js": {"path":"F:\\pradeep2.0\\html\\namastereact\\src\\components\\sum.js","statementMap":{"0":{"start":{"line":1,"column":19},"end":{"line":3,"column":1}},"1":{"start":{"line":2,"column":4},"end":{"line":2,"column":17}}},"fnMap":{"0":{"name":"(anonymous_0)","decl":{"start":{"line":1,"column":19},"end":{"line":1,"column":20}},"loc":{"start":{"line":1,"column":26},"end":{"line":3,"column":1}},"line":1}},"branchMap":{},"s":{"0":1,"1":1},"f":{"0":1},"b":{},"_coverageSchema":"1a1c01bbd47fc00a2c39e90264f33305004495a9","hash":"bf25268ebf2639ee9f87ab742d1cab7f71305121"}
}
